<?xml version="1.0" encoding="UTF-8"?>
<testng-results ignored="0" total="2" passed="2" failed="0" skipped="0">
  <reporter-output>
  </reporter-output>
  <suite started-at="2025-07-16T13:45:06 IST" name="Surefire suite" finished-at="2025-07-16T13:45:13 IST" duration-ms="7024">
    <groups>
    </groups>
    <test started-at="2025-07-16T13:45:06 IST" name="Surefire test" finished-at="2025-07-16T13:45:13 IST" duration-ms="7024">
      <class name="tests.LoginTest">
        <test-method is-config="true" signature="setup()[pri:0, instance:tests.LoginTest@d4342c2]" started-at="2025-07-16T13:45:06 IST" name="setup" finished-at="2025-07-16T13:45:09 IST" duration-ms="2393" status="PASS">
          <reporter-output>
          </reporter-output>
        </test-method> <!-- setup -->
        <test-method signature="testLoginWithValidCredentials()[pri:0, instance:tests.LoginTest@d4342c2]" started-at="2025-07-16T13:45:09 IST" name="testLoginWithValidCredentials" finished-at="2025-07-16T13:45:09 IST" duration-ms="731" status="PASS">
          <reporter-output>
          </reporter-output>
        </test-method> <!-- testLoginWithValidCredentials -->
        <test-method is-config="true" signature="tearDown()[pri:0, instance:tests.LoginTest@d4342c2]" started-at="2025-07-16T13:45:09 IST" name="tearDown" finished-at="2025-07-16T13:45:10 IST" duration-ms="213" status="PASS">
          <reporter-output>
          </reporter-output>
        </test-method> <!-- tearDown -->
      </class> <!-- tests.LoginTest -->
      <class name="tests.LogoutTest">
        <test-method is-config="true" signature="setup()[pri:0, instance:tests.LogoutTest@36c88a32]" started-at="2025-07-16T13:45:10 IST" name="setup" finished-at="2025-07-16T13:45:11 IST" duration-ms="1826" status="PASS">
          <reporter-output>
          </reporter-output>
        </test-method> <!-- setup -->
        <test-method signature="testLogout()[pri:0, instance:tests.LogoutTest@36c88a32]" started-at="2025-07-16T13:45:11 IST" name="testLogout" finished-at="2025-07-16T13:45:13 IST" duration-ms="1572" status="PASS">
          <reporter-output>
          </reporter-output>
        </test-method> <!-- testLogout -->
        <test-method is-config="true" signature="tearDown()[pri:0, instance:tests.LogoutTest@36c88a32]" started-at="2025-07-16T13:45:13 IST" name="tearDown" finished-at="2025-07-16T13:45:13 IST" duration-ms="235" status="PASS">
          <reporter-output>
          </reporter-output>
        </test-method> <!-- tearDown -->
      </class> <!-- tests.LogoutTest -->
    </test> <!-- Surefire test -->
  </suite> <!-- Surefire suite -->
</testng-results>
