<?xml version="1.0" encoding="UTF-8"?>
<testng-results ignored="0" total="2" passed="2" failed="0" skipped="0">
  <reporter-output>
  </reporter-output>
  <suite started-at="2025-07-16T13:44:31 IST" name="Automation Suite (Selenium Wait implementation)" finished-at="2025-07-16T13:44:38 IST" duration-ms="6987">
    <groups>
    </groups>
    <test started-at="2025-07-16T13:44:31 IST" name="Regression Test" finished-at="2025-07-16T13:44:38 IST" duration-ms="6987">
      <class name="tests.LoginTest">
        <test-method is-config="true" signature="setup()[pri:0, instance:tests.LoginTest@34a3d150]" started-at="2025-07-16T13:44:31 IST" name="setup" finished-at="2025-07-16T13:44:34 IST" duration-ms="2606" status="PASS">
          <reporter-output>
          </reporter-output>
        </test-method> <!-- setup -->
        <test-method signature="testLoginWithValidCredentials()[pri:0, instance:tests.LoginTest@34a3d150]" started-at="2025-07-16T13:44:34 IST" name="testLoginWithValidCredentials" finished-at="2025-07-16T13:44:34 IST" duration-ms="649" status="PASS">
          <reporter-output>
          </reporter-output>
        </test-method> <!-- testLoginWithValidCredentials -->
        <test-method is-config="true" signature="tearDown()[pri:0, instance:tests.LoginTest@34a3d150]" started-at="2025-07-16T13:44:34 IST" name="tearDown" finished-at="2025-07-16T13:44:35 IST" duration-ms="222" status="PASS">
          <reporter-output>
          </reporter-output>
        </test-method> <!-- tearDown -->
      </class> <!-- tests.LoginTest -->
      <class name="tests.LogoutTest">
        <test-method is-config="true" signature="setup()[pri:0, instance:tests.LogoutTest@22555ebf]" started-at="2025-07-16T13:44:35 IST" name="setup" finished-at="2025-07-16T13:44:36 IST" duration-ms="1798" status="PASS">
          <reporter-output>
          </reporter-output>
        </test-method> <!-- setup -->
        <test-method signature="testLogout()[pri:0, instance:tests.LogoutTest@22555ebf]" started-at="2025-07-16T13:44:36 IST" name="testLogout" finished-at="2025-07-16T13:44:38 IST" duration-ms="1415" status="PASS">
          <reporter-output>
          </reporter-output>
        </test-method> <!-- testLogout -->
        <test-method is-config="true" signature="tearDown()[pri:0, instance:tests.LogoutTest@22555ebf]" started-at="2025-07-16T13:44:38 IST" name="tearDown" finished-at="2025-07-16T13:44:38 IST" duration-ms="236" status="PASS">
          <reporter-output>
          </reporter-output>
        </test-method> <!-- tearDown -->
      </class> <!-- tests.LogoutTest -->
    </test> <!-- Regression Test -->
  </suite> <!-- Automation Suite (Selenium Wait implementation) -->
</testng-results>
